[2021-07-24 11:56:01.445] [exthost] [info] extension host started
[2021-07-24 11:56:01.445] [exthost] [info] Skipping acquiring lock for /home/shanvi/.config/Code/User/workspaceStorage/fcfa3f821dcfac048ffb6c1981c3b1c5.
[2021-07-24 11:56:01.970] [exthost] [info] ExtensionService#_doActivateExtension vscode.microsoft-authentication {"startup":false,"extensionId":{"value":"vscode.microsoft-authentication","_lower":"vscode.microsoft-authentication"},"activationEvent":"onAuthenticationRequest:microsoft"}
[2021-07-24 11:56:01.970] [exthost] [info] ExtensionService#loadCommonJSModule file:///snap/code/70/usr/share/code/resources/app/extensions/microsoft-authentication/dist/extension.js
[2021-07-24 11:56:01.984] [exthost] [info] ExtensionService#_doActivateExtension vscode.debug-auto-launch {"startup":true,"extensionId":{"value":"vscode.debug-auto-launch","_lower":"vscode.debug-auto-launch"},"activationEvent":"*"}
[2021-07-24 11:56:01.984] [exthost] [info] ExtensionService#loadCommonJSModule file:///snap/code/70/usr/share/code/resources/app/extensions/debug-auto-launch/dist/extension
[2021-07-24 11:56:01.986] [exthost] [info] ExtensionService#_doActivateExtension vscode.git {"startup":true,"extensionId":{"value":"vscode.github","_lower":"vscode.github"},"activationEvent":"*"}
[2021-07-24 11:56:01.986] [exthost] [info] ExtensionService#loadCommonJSModule file:///snap/code/70/usr/share/code/resources/app/extensions/git/dist/main
[2021-07-24 11:56:03.033] [exthost] [info] ExtensionService#_doActivateExtension vscode.github {"startup":true,"extensionId":{"value":"vscode.github","_lower":"vscode.github"},"activationEvent":"*"}
[2021-07-24 11:56:03.033] [exthost] [info] ExtensionService#loadCommonJSModule file:///snap/code/70/usr/share/code/resources/app/extensions/github/dist/extension.js
[2021-07-24 11:56:03.483] [exthost] [info] eager extensions activated
[2021-07-24 11:56:03.602] [exthost] [info] ExtensionService#_doActivateExtension ms-vscode.js-debug {"startup":false,"extensionId":{"value":"ms-vscode.js-debug","_lower":"ms-vscode.js-debug"},"activationEvent":"onCommand:extension.js-debug.clearAutoAttachVariables"}
[2021-07-24 11:56:03.602] [exthost] [info] ExtensionService#loadCommonJSModule file:///snap/code/70/usr/share/code/resources/app/extensions/ms-vscode.js-debug/src/extension.js
[2021-07-24 11:56:04.370] [exthost] [info] ExtensionService#_doActivateExtension vscode.emmet {"startup":false,"extensionId":{"value":"vscode.emmet","_lower":"vscode.emmet"},"activationEvent":"onStartupFinished"}
[2021-07-24 11:56:04.370] [exthost] [info] ExtensionService#loadCommonJSModule file:///snap/code/70/usr/share/code/resources/app/extensions/emmet/dist/node/emmetNodeMain
[2021-07-24 11:56:04.454] [exthost] [info] ExtensionService#_doActivateExtension vscode.merge-conflict {"startup":false,"extensionId":{"value":"vscode.merge-conflict","_lower":"vscode.merge-conflict"},"activationEvent":"onStartupFinished"}
[2021-07-24 11:56:04.454] [exthost] [info] ExtensionService#loadCommonJSModule file:///snap/code/70/usr/share/code/resources/app/extensions/merge-conflict/dist/mergeConflictMain
[2021-07-24 11:56:04.456] [exthost] [info] ExtensionService#_doActivateExtension vscode.testing-editor-contributions {"startup":false,"extensionId":{"value":"vscode.testing-editor-contributions","_lower":"vscode.testing-editor-contributions"},"activationEvent":"onStartupFinished"}
[2021-07-24 11:56:04.456] [exthost] [info] ExtensionService#loadCommonJSModule file:///snap/code/70/usr/share/code/resources/app/extensions/testing-editor-contributions/dist/extension.js
[2021-07-24 11:56:04.652] [exthost] [info] ExtensionService#_doActivateExtension vscode.github-authentication {"startup":false,"extensionId":{"value":"vscode.github-authentication","_lower":"vscode.github-authentication"},"activationEvent":"onAuthenticationRequest:github"}
[2021-07-24 11:56:04.652] [exthost] [info] ExtensionService#loadCommonJSModule file:///snap/code/70/usr/share/code/resources/app/extensions/github-authentication/dist/extension.js
[2021-07-24 12:01:03.898] [exthost] [info] ExtensionService#_doActivateExtension vscode.html-language-features {"startup":false,"extensionId":{"value":"vscode.html-language-features","_lower":"vscode.html-language-features"},"activationEvent":"onLanguage:html"}
[2021-07-24 12:01:03.898] [exthost] [info] ExtensionService#loadCommonJSModule file:///snap/code/70/usr/share/code/resources/app/extensions/html-language-features/client/dist/node/htmlClientMain
[2021-07-24 12:06:08.057] [exthost] [info] ExtensionService#_doActivateExtension vscode.extension-editing {"startup":false,"extensionId":{"value":"vscode.extension-editing","_lower":"vscode.extension-editing"},"activationEvent":"onLanguage:typescript"}
[2021-07-24 12:06:08.057] [exthost] [info] ExtensionService#loadCommonJSModule file:///snap/code/70/usr/share/code/resources/app/extensions/extension-editing/dist/extensionEditingMain
[2021-07-24 12:06:08.171] [exthost] [info] ExtensionService#_doActivateExtension vscode.typescript-language-features {"startup":false,"extensionId":{"value":"vscode.typescript-language-features","_lower":"vscode.typescript-language-features"},"activationEvent":"onLanguage:typescript"}
[2021-07-24 12:06:08.187] [exthost] [info] ExtensionService#loadCommonJSModule file:///snap/code/70/usr/share/code/resources/app/extensions/typescript-language-features/dist/extension
[2021-07-24 12:13:15.867] [exthost] [info] ExtensionService#_doActivateExtension vscode.configuration-editing {"startup":false,"extensionId":{"value":"vscode.configuration-editing","_lower":"vscode.configuration-editing"},"activationEvent":"onLanguage:jsonc"}
[2021-07-24 12:13:15.867] [exthost] [info] ExtensionService#loadCommonJSModule file:///snap/code/70/usr/share/code/resources/app/extensions/configuration-editing/dist/configurationEditingMain
[2021-07-24 12:13:15.897] [exthost] [info] ExtensionService#_doActivateExtension vscode.json-language-features {"startup":false,"extensionId":{"value":"vscode.json-language-features","_lower":"vscode.json-language-features"},"activationEvent":"onLanguage:jsonc"}
[2021-07-24 12:13:15.903] [exthost] [info] ExtensionService#loadCommonJSModule file:///snap/code/70/usr/share/code/resources/app/extensions/json-language-features/client/dist/node/jsonClientMain
[2021-07-24 12:22:59.291] [exthost] [info] ExtensionService#_doActivateExtension vscode.simple-browser {"startup":false,"extensionId":{"value":"vscode.simple-browser","_lower":"vscode.simple-browser"},"activationEvent":"onOpenExternalUri:https"}
[2021-07-24 12:22:59.291] [exthost] [info] ExtensionService#loadCommonJSModule file:///snap/code/70/usr/share/code/resources/app/extensions/simple-browser/dist/extension
[2021-07-24 12:25:54.501] [exthost] [info] ExtensionService#_doActivateExtension ms-azuretools.vscode-docker {"startup":false,"extensionId":{"value":"ms-azuretools.vscode-docker","_lower":"ms-azuretools.vscode-docker"},"activationEvent":"onView:dockerContainers"}
[2021-07-24 12:25:54.501] [exthost] [info] ExtensionService#loadCommonJSModule file:///home/shanvi/.vscode/extensions/ms-azuretools.vscode-docker-1.15.0/main
[2021-07-24 12:26:50.774] [exthost] [info] extension host terminating: renderer closed the socket
[2021-07-24 12:26:50.980] [exthost] [error] Canceled: Canceled
	at Object.n [as canceled] (/snap/code/70/usr/share/code/resources/app/out/vs/workbench/services/extensions/node/extensionHostProcess.js:5:1157)
	at c._remoteCall (/snap/code/70/usr/share/code/resources/app/out/vs/workbench/services/extensions/node/extensionHostProcess.js:88:12817)
	at Proxy._.<computed>.D.charCodeAt._.<computed> (/snap/code/70/usr/share/code/resources/app/out/vs/workbench/services/extensions/node/extensionHostProcess.js:88:9349)
	at A.showMessage (/snap/code/70/usr/share/code/resources/app/out/vs/workbench/services/extensions/node/extensionHostProcess.js:84:211318)
	at Object.showErrorMessage (/snap/code/70/usr/share/code/resources/app/out/vs/workbench/services/extensions/node/extensionHostProcess.js:93:29042)
	at /snap/code/70/usr/share/code/resources/app/extensions/git/dist/main.js:10:457884
	at processTicksAndRejections (internal/process/task_queues.js:93:5)
	at async S._executeContributedCommand (/snap/code/70/usr/share/code/resources/app/out/vs/workbench/services/extensions/node/extensionHostProcess.js:84:120577) git.refresh
[2021-07-24 12:26:51.003] [exthost] [error] Canceled: Canceled
	at Object.n [as canceled] (/snap/code/70/usr/share/code/resources/app/out/vs/workbench/services/extensions/node/extensionHostProcess.js:5:1157)
	at c._remoteCall (/snap/code/70/usr/share/code/resources/app/out/vs/workbench/services/extensions/node/extensionHostProcess.js:88:12817)
	at Proxy._.<computed>.D.charCodeAt._.<computed> (/snap/code/70/usr/share/code/resources/app/out/vs/workbench/services/extensions/node/extensionHostProcess.js:88:9349)
	at A.showMessage (/snap/code/70/usr/share/code/resources/app/out/vs/workbench/services/extensions/node/extensionHostProcess.js:84:211318)
	at Object.showErrorMessage (/snap/code/70/usr/share/code/resources/app/out/vs/workbench/services/extensions/node/extensionHostProcess.js:93:29042)
	at /snap/code/70/usr/share/code/resources/app/extensions/git/dist/main.js:10:457884
	at processTicksAndRejections (internal/process/task_queues.js:93:5)
	at async S._executeContributedCommand (/snap/code/70/usr/share/code/resources/app/out/vs/workbench/services/extensions/node/extensionHostProcess.js:84:120577) git.commit
[2021-07-24 12:26:51.003] [exthost] [error] Canceled: Canceled
	at Object.n [as canceled] (/snap/code/70/usr/share/code/resources/app/out/vs/workbench/services/extensions/node/extensionHostProcess.js:5:1157)
	at c._remoteCall (/snap/code/70/usr/share/code/resources/app/out/vs/workbench/services/extensions/node/extensionHostProcess.js:88:12817)
	at Proxy._.<computed>.D.charCodeAt._.<computed> (/snap/code/70/usr/share/code/resources/app/out/vs/workbench/services/extensions/node/extensionHostProcess.js:88:9349)
	at A.showMessage (/snap/code/70/usr/share/code/resources/app/out/vs/workbench/services/extensions/node/extensionHostProcess.js:84:211318)
	at Object.showErrorMessage (/snap/code/70/usr/share/code/resources/app/out/vs/workbench/services/extensions/node/extensionHostProcess.js:93:29042)
	at /snap/code/70/usr/share/code/resources/app/extensions/git/dist/main.js:10:457884
	at processTicksAndRejections (internal/process/task_queues.js:93:5)
	at async S._executeContributedCommand (/snap/code/70/usr/share/code/resources/app/out/vs/workbench/services/extensions/node/extensionHostProcess.js:84:120577)
	at async S._executeContributedCommand (/snap/code/70/usr/share/code/resources/app/out/vs/workbench/services/extensions/node/extensionHostProcess.js:84:120577) git.commit
[2021-07-24 12:26:51.003] [exthost] [error] Canceled: Canceled
	at Object.n [as canceled] (/snap/code/70/usr/share/code/resources/app/out/vs/workbench/services/extensions/node/extensionHostProcess.js:5:1157)
	at c._remoteCall (/snap/code/70/usr/share/code/resources/app/out/vs/workbench/services/extensions/node/extensionHostProcess.js:88:12817)
	at Proxy._.<computed>.D.charCodeAt._.<computed> (/snap/code/70/usr/share/code/resources/app/out/vs/workbench/services/extensions/node/extensionHostProcess.js:88:9349)
	at A.showMessage (/snap/code/70/usr/share/code/resources/app/out/vs/workbench/services/extensions/node/extensionHostProcess.js:84:211318)
	at Object.showErrorMessage (/snap/code/70/usr/share/code/resources/app/out/vs/workbench/services/extensions/node/extensionHostProcess.js:93:29042)
	at /snap/code/70/usr/share/code/resources/app/extensions/git/dist/main.js:10:457884
	at processTicksAndRejections (internal/process/task_queues.js:93:5)
	at async S._executeContributedCommand (/snap/code/70/usr/share/code/resources/app/out/vs/workbench/services/extensions/node/extensionHostProcess.js:84:120577) git.commit
[2021-07-24 12:26:51.004] [exthost] [error] Error: Running the contributed command: 'git.commit' failed.
	at S._executeContributedCommand (/snap/code/70/usr/share/code/resources/app/out/vs/workbench/services/extensions/node/extensionHostProcess.js:84:120745)
	at processTicksAndRejections (internal/process/task_queues.js:93:5)
	at async S._executeContributedCommand (/snap/code/70/usr/share/code/resources/app/out/vs/workbench/services/extensions/node/extensionHostProcess.js:84:120577) _vscode_delegate_cmd_krhe2i4c
[2021-07-24 12:26:51.025] [exthost] [error] Canceled: Canceled
	at Object.n [as canceled] (/snap/code/70/usr/share/code/resources/app/out/vs/workbench/services/extensions/node/extensionHostProcess.js:5:1157)
	at c._remoteCall (/snap/code/70/usr/share/code/resources/app/out/vs/workbench/services/extensions/node/extensionHostProcess.js:88:12817)
	at Proxy._.<computed>.D.charCodeAt._.<computed> (/snap/code/70/usr/share/code/resources/app/out/vs/workbench/services/extensions/node/extensionHostProcess.js:88:9349)
	at A.showMessage (/snap/code/70/usr/share/code/resources/app/out/vs/workbench/services/extensions/node/extensionHostProcess.js:84:211318)
	at Object.showErrorMessage (/snap/code/70/usr/share/code/resources/app/out/vs/workbench/services/extensions/node/extensionHostProcess.js:93:29042)
	at /snap/code/70/usr/share/code/resources/app/extensions/git/dist/main.js:10:457884
	at processTicksAndRejections (internal/process/task_queues.js:93:5)
	at async S._executeContributedCommand (/snap/code/70/usr/share/code/resources/app/out/vs/workbench/services/extensions/node/extensionHostProcess.js:84:120577) git.push
[2021-07-24 12:26:51.995] [exthost] [info] exiting with code 0
[2021-07-24 12:26:55.122] [exthost] [info] extension host started
[2021-07-24 12:26:55.122] [exthost] [info] Skipping acquiring lock for /home/shanvi/.config/Code/User/workspaceStorage/b20db45af8e49a18c2cf580d71c9dd96.
[2021-07-24 12:26:55.320] [exthost] [info] ExtensionService#_doActivateExtension vscode.microsoft-authentication {"startup":false,"extensionId":{"value":"vscode.microsoft-authentication","_lower":"vscode.microsoft-authentication"},"activationEvent":"onAuthenticationRequest:microsoft"}
[2021-07-24 12:26:55.320] [exthost] [info] ExtensionService#loadCommonJSModule file:///snap/code/70/usr/share/code/resources/app/extensions/microsoft-authentication/dist/extension.js
[2021-07-24 12:26:55.343] [exthost] [info] ExtensionService#_doActivateExtension vscode.debug-auto-launch {"startup":true,"extensionId":{"value":"vscode.debug-auto-launch","_lower":"vscode.debug-auto-launch"},"activationEvent":"*"}
[2021-07-24 12:26:55.343] [exthost] [info] ExtensionService#loadCommonJSModule file:///snap/code/70/usr/share/code/resources/app/extensions/debug-auto-launch/dist/extension
[2021-07-24 12:26:55.345] [exthost] [info] ExtensionService#_doActivateExtension vscode.git {"startup":true,"extensionId":{"value":"vscode.github","_lower":"vscode.github"},"activationEvent":"*"}
[2021-07-24 12:26:55.345] [exthost] [info] ExtensionService#loadCommonJSModule file:///snap/code/70/usr/share/code/resources/app/extensions/git/dist/main
[2021-07-24 12:26:56.073] [exthost] [info] ExtensionService#_doActivateExtension vscode.github {"startup":true,"extensionId":{"value":"vscode.github","_lower":"vscode.github"},"activationEvent":"*"}
[2021-07-24 12:26:56.073] [exthost] [info] ExtensionService#loadCommonJSModule file:///snap/code/70/usr/share/code/resources/app/extensions/github/dist/extension.js
[2021-07-24 12:26:56.308] [exthost] [info] eager extensions activated
[2021-07-24 12:26:56.725] [exthost] [info] ExtensionService#_doActivateExtension ms-vscode.js-debug {"startup":false,"extensionId":{"value":"ms-vscode.js-debug","_lower":"ms-vscode.js-debug"},"activationEvent":"onCommand:extension.js-debug.clearAutoAttachVariables"}
[2021-07-24 12:26:56.725] [exthost] [info] ExtensionService#loadCommonJSModule file:///snap/code/70/usr/share/code/resources/app/extensions/ms-vscode.js-debug/src/extension.js
[2021-07-24 12:26:57.125] [exthost] [info] ExtensionService#_doActivateExtension vscode.emmet {"startup":false,"extensionId":{"value":"vscode.emmet","_lower":"vscode.emmet"},"activationEvent":"onStartupFinished"}
[2021-07-24 12:26:57.125] [exthost] [info] ExtensionService#loadCommonJSModule file:///snap/code/70/usr/share/code/resources/app/extensions/emmet/dist/node/emmetNodeMain
[2021-07-24 12:26:57.140] [exthost] [info] ExtensionService#_doActivateExtension vscode.merge-conflict {"startup":false,"extensionId":{"value":"vscode.merge-conflict","_lower":"vscode.merge-conflict"},"activationEvent":"onStartupFinished"}
[2021-07-24 12:26:57.140] [exthost] [info] ExtensionService#loadCommonJSModule file:///snap/code/70/usr/share/code/resources/app/extensions/merge-conflict/dist/mergeConflictMain
[2021-07-24 12:26:57.155] [exthost] [info] ExtensionService#_doActivateExtension vscode.testing-editor-contributions {"startup":false,"extensionId":{"value":"vscode.testing-editor-contributions","_lower":"vscode.testing-editor-contributions"},"activationEvent":"onStartupFinished"}
[2021-07-24 12:26:57.155] [exthost] [info] ExtensionService#loadCommonJSModule file:///snap/code/70/usr/share/code/resources/app/extensions/testing-editor-contributions/dist/extension.js
[2021-07-24 12:26:57.849] [exthost] [info] ExtensionService#_doActivateExtension vscode.github-authentication {"startup":false,"extensionId":{"value":"vscode.github-authentication","_lower":"vscode.github-authentication"},"activationEvent":"onAuthenticationRequest:github"}
[2021-07-24 12:26:57.849] [exthost] [info] ExtensionService#loadCommonJSModule file:///snap/code/70/usr/share/code/resources/app/extensions/github-authentication/dist/extension.js
[2021-07-24 12:27:51.750] [exthost] [info] ExtensionService#_doActivateExtension vscode.html-language-features {"startup":false,"extensionId":{"value":"vscode.html-language-features","_lower":"vscode.html-language-features"},"activationEvent":"onLanguage:html"}
[2021-07-24 12:27:51.750] [exthost] [info] ExtensionService#loadCommonJSModule file:///snap/code/70/usr/share/code/resources/app/extensions/html-language-features/client/dist/node/htmlClientMain
