[2021-07-24 11:22:22.193] [exthost] [info] extension host started
[2021-07-24 11:22:22.350] [exthost] [info] ExtensionService#_doActivateExtension vscode.microsoft-authentication {"startup":false,"extensionId":{"value":"vscode.microsoft-authentication","_lower":"vscode.microsoft-authentication"},"activationEvent":"onAuthenticationRequest:microsoft"}
[2021-07-24 11:22:22.350] [exthost] [info] ExtensionService#loadCommonJSModule file:///snap/code/70/usr/share/code/resources/app/extensions/microsoft-authentication/dist/extension.js
[2021-07-24 11:22:22.380] [exthost] [info] ExtensionService#_doActivateExtension vscode.debug-auto-launch {"startup":true,"extensionId":{"value":"vscode.debug-auto-launch","_lower":"vscode.debug-auto-launch"},"activationEvent":"*"}
[2021-07-24 11:22:22.380] [exthost] [info] ExtensionService#loadCommonJSModule file:///snap/code/70/usr/share/code/resources/app/extensions/debug-auto-launch/dist/extension
[2021-07-24 11:22:22.439] [exthost] [info] ExtensionService#_doActivateExtension vscode.git {"startup":true,"extensionId":{"value":"vscode.github","_lower":"vscode.github"},"activationEvent":"*"}
[2021-07-24 11:22:22.439] [exthost] [info] ExtensionService#loadCommonJSModule file:///snap/code/70/usr/share/code/resources/app/extensions/git/dist/main
[2021-07-24 11:22:22.845] [exthost] [info] ExtensionService#_doActivateExtension ms-vscode.js-debug {"startup":false,"extensionId":{"value":"ms-vscode.js-debug","_lower":"ms-vscode.js-debug"},"activationEvent":"onCommand:extension.js-debug.clearAutoAttachVariables"}
[2021-07-24 11:22:22.845] [exthost] [info] ExtensionService#loadCommonJSModule file:///snap/code/70/usr/share/code/resources/app/extensions/ms-vscode.js-debug/src/extension.js
[2021-07-24 11:22:23.482] [exthost] [info] ExtensionService#_doActivateExtension vscode.github {"startup":true,"extensionId":{"value":"vscode.github","_lower":"vscode.github"},"activationEvent":"*"}
[2021-07-24 11:22:23.482] [exthost] [info] ExtensionService#loadCommonJSModule file:///snap/code/70/usr/share/code/resources/app/extensions/github/dist/extension.js
[2021-07-24 11:22:23.752] [exthost] [info] eager extensions activated
[2021-07-24 11:22:23.781] [exthost] [info] ExtensionService#_doActivateExtension vscode.emmet {"startup":false,"extensionId":{"value":"vscode.emmet","_lower":"vscode.emmet"},"activationEvent":"onStartupFinished"}
[2021-07-24 11:22:23.781] [exthost] [info] ExtensionService#loadCommonJSModule file:///snap/code/70/usr/share/code/resources/app/extensions/emmet/dist/node/emmetNodeMain
[2021-07-24 11:22:23.786] [exthost] [info] ExtensionService#_doActivateExtension vscode.merge-conflict {"startup":false,"extensionId":{"value":"vscode.merge-conflict","_lower":"vscode.merge-conflict"},"activationEvent":"onStartupFinished"}
[2021-07-24 11:22:23.786] [exthost] [info] ExtensionService#loadCommonJSModule file:///snap/code/70/usr/share/code/resources/app/extensions/merge-conflict/dist/mergeConflictMain
[2021-07-24 11:22:23.823] [exthost] [info] ExtensionService#_doActivateExtension vscode.testing-editor-contributions {"startup":false,"extensionId":{"value":"vscode.testing-editor-contributions","_lower":"vscode.testing-editor-contributions"},"activationEvent":"onStartupFinished"}
[2021-07-24 11:22:23.823] [exthost] [info] ExtensionService#loadCommonJSModule file:///snap/code/70/usr/share/code/resources/app/extensions/testing-editor-contributions/dist/extension.js
[2021-07-24 11:22:23.896] [exthost] [info] ExtensionService#_doActivateExtension vscode.github-authentication {"startup":false,"extensionId":{"value":"vscode.github-authentication","_lower":"vscode.github-authentication"},"activationEvent":"onAuthenticationRequest:github"}
[2021-07-24 11:22:23.896] [exthost] [info] ExtensionService#loadCommonJSModule file:///snap/code/70/usr/share/code/resources/app/extensions/github-authentication/dist/extension.js
[2021-07-24 11:34:10.246] [exthost] [info] ExtensionService#_doActivateExtension ms-azuretools.vscode-docker {"startup":false,"extensionId":{"value":"ms-azuretools.vscode-docker","_lower":"ms-azuretools.vscode-docker"},"activationEvent":"onView:dockerContainers"}
[2021-07-24 11:34:10.246] [exthost] [info] ExtensionService#loadCommonJSModule file:///home/shanvi/.vscode/extensions/ms-azuretools.vscode-docker-1.15.0/main
[2021-07-24 11:37:16.607] [exthost] [info] ExtensionService#_doActivateExtension p1c2u.jenkins {"startup":false,"extensionId":{"value":"p1c2u.jenkins","_lower":"p1c2u.jenkins"},"activationEvent":"onView:jenkins.views.nodes"}
[2021-07-24 11:37:16.607] [exthost] [info] ExtensionService#loadCommonJSModule file:///home/shanvi/.vscode/extensions/p1c2u.jenkins-0.1.0/out/extension
[2021-07-24 11:37:16.695] [exthost] [error] Activating extension p1c2u.jenkins failed due to an error:
[2021-07-24 11:37:16.696] [exthost] [error] Error: Jenkins URL not provided. Specify url in settings.
	at activate (/home/shanvi/.vscode/extensions/p1c2u.jenkins-0.1.0/out/extension.js:19:15)
	at Function._callActivateOptional (/snap/code/70/usr/share/code/resources/app/out/vs/workbench/services/extensions/node/extensionHostProcess.js:89:14865)
	at Function._callActivate (/snap/code/70/usr/share/code/resources/app/out/vs/workbench/services/extensions/node/extensionHostProcess.js:89:14538)
	at /snap/code/70/usr/share/code/resources/app/out/vs/workbench/services/extensions/node/extensionHostProcess.js:89:12738
	at processTicksAndRejections (internal/process/task_queues.js:93:5)
[2021-07-24 11:40:00.758] [exthost] [info] extension host terminating: renderer closed the socket
[2021-07-24 11:40:01.776] [exthost] [info] exiting with code 0
[2021-07-24 11:40:05.934] [exthost] [info] extension host started
[2021-07-24 11:40:05.934] [exthost] [info] Skipping acquiring lock for /home/shanvi/.config/Code/User/workspaceStorage/fcfa3f821dcfac048ffb6c1981c3b1c5.
[2021-07-24 11:40:07.029] [exthost] [info] ExtensionService#_doActivateExtension vscode.microsoft-authentication {"startup":false,"extensionId":{"value":"vscode.microsoft-authentication","_lower":"vscode.microsoft-authentication"},"activationEvent":"onAuthenticationRequest:microsoft"}
[2021-07-24 11:40:07.030] [exthost] [info] ExtensionService#loadCommonJSModule file:///snap/code/70/usr/share/code/resources/app/extensions/microsoft-authentication/dist/extension.js
[2021-07-24 11:40:07.051] [exthost] [info] ExtensionService#_doActivateExtension vscode.debug-auto-launch {"startup":true,"extensionId":{"value":"vscode.debug-auto-launch","_lower":"vscode.debug-auto-launch"},"activationEvent":"*"}
[2021-07-24 11:40:07.052] [exthost] [info] ExtensionService#loadCommonJSModule file:///snap/code/70/usr/share/code/resources/app/extensions/debug-auto-launch/dist/extension
[2021-07-24 11:40:07.053] [exthost] [info] ExtensionService#_doActivateExtension vscode.git {"startup":true,"extensionId":{"value":"vscode.github","_lower":"vscode.github"},"activationEvent":"*"}
[2021-07-24 11:40:07.054] [exthost] [info] ExtensionService#loadCommonJSModule file:///snap/code/70/usr/share/code/resources/app/extensions/git/dist/main
[2021-07-24 11:40:08.150] [exthost] [info] ExtensionService#_doActivateExtension vscode.github {"startup":true,"extensionId":{"value":"vscode.github","_lower":"vscode.github"},"activationEvent":"*"}
[2021-07-24 11:40:08.150] [exthost] [info] ExtensionService#loadCommonJSModule file:///snap/code/70/usr/share/code/resources/app/extensions/github/dist/extension.js
[2021-07-24 11:40:08.822] [exthost] [info] eager extensions activated
[2021-07-24 11:40:09.152] [exthost] [info] ExtensionService#_doActivateExtension ms-vscode.js-debug {"startup":false,"extensionId":{"value":"ms-vscode.js-debug","_lower":"ms-vscode.js-debug"},"activationEvent":"onCommand:extension.js-debug.clearAutoAttachVariables"}
[2021-07-24 11:40:09.152] [exthost] [info] ExtensionService#loadCommonJSModule file:///snap/code/70/usr/share/code/resources/app/extensions/ms-vscode.js-debug/src/extension.js
[2021-07-24 11:40:09.976] [exthost] [info] ExtensionService#_doActivateExtension vscode.emmet {"startup":false,"extensionId":{"value":"vscode.emmet","_lower":"vscode.emmet"},"activationEvent":"onStartupFinished"}
[2021-07-24 11:40:09.976] [exthost] [info] ExtensionService#loadCommonJSModule file:///snap/code/70/usr/share/code/resources/app/extensions/emmet/dist/node/emmetNodeMain
[2021-07-24 11:40:10.039] [exthost] [info] ExtensionService#_doActivateExtension vscode.merge-conflict {"startup":false,"extensionId":{"value":"vscode.merge-conflict","_lower":"vscode.merge-conflict"},"activationEvent":"onStartupFinished"}
[2021-07-24 11:40:10.039] [exthost] [info] ExtensionService#loadCommonJSModule file:///snap/code/70/usr/share/code/resources/app/extensions/merge-conflict/dist/mergeConflictMain
[2021-07-24 11:40:10.041] [exthost] [info] ExtensionService#_doActivateExtension vscode.testing-editor-contributions {"startup":false,"extensionId":{"value":"vscode.testing-editor-contributions","_lower":"vscode.testing-editor-contributions"},"activationEvent":"onStartupFinished"}
[2021-07-24 11:40:10.042] [exthost] [info] ExtensionService#loadCommonJSModule file:///snap/code/70/usr/share/code/resources/app/extensions/testing-editor-contributions/dist/extension.js
[2021-07-24 11:40:11.110] [exthost] [info] ExtensionService#_doActivateExtension vscode.github-authentication {"startup":false,"extensionId":{"value":"vscode.github-authentication","_lower":"vscode.github-authentication"},"activationEvent":"onAuthenticationRequest:github"}
[2021-07-24 11:40:11.110] [exthost] [info] ExtensionService#loadCommonJSModule file:///snap/code/70/usr/share/code/resources/app/extensions/github-authentication/dist/extension.js
[2021-07-24 11:41:14.764] [exthost] [info] extension host terminating: renderer closed the socket
[2021-07-24 11:41:15.770] [exthost] [info] exiting with code 0
