[2021-07-24 11:18:42.658] [exthost] [info] extension host started
[2021-07-24 11:18:43.061] [exthost] [info] ExtensionService#_doActivateExtension vscode.microsoft-authentication {"startup":false,"extensionId":{"value":"vscode.microsoft-authentication","_lower":"vscode.microsoft-authentication"},"activationEvent":"onAuthenticationRequest:microsoft"}
[2021-07-24 11:18:43.062] [exthost] [info] ExtensionService#loadCommonJSModule file:///snap/code/70/usr/share/code/resources/app/extensions/microsoft-authentication/dist/extension.js
[2021-07-24 11:18:43.153] [exthost] [info] ExtensionService#_doActivateExtension vscode.debug-auto-launch {"startup":true,"extensionId":{"value":"vscode.debug-auto-launch","_lower":"vscode.debug-auto-launch"},"activationEvent":"*"}
[2021-07-24 11:18:43.153] [exthost] [info] ExtensionService#loadCommonJSModule file:///snap/code/70/usr/share/code/resources/app/extensions/debug-auto-launch/dist/extension
[2021-07-24 11:18:43.247] [exthost] [info] ExtensionService#_doActivateExtension vscode.git {"startup":true,"extensionId":{"value":"vscode.github","_lower":"vscode.github"},"activationEvent":"*"}
[2021-07-24 11:18:43.247] [exthost] [info] ExtensionService#loadCommonJSModule file:///snap/code/70/usr/share/code/resources/app/extensions/git/dist/main
[2021-07-24 11:18:44.126] [exthost] [info] ExtensionService#_doActivateExtension vscode.github {"startup":true,"extensionId":{"value":"vscode.github","_lower":"vscode.github"},"activationEvent":"*"}
[2021-07-24 11:18:44.127] [exthost] [info] ExtensionService#loadCommonJSModule file:///snap/code/70/usr/share/code/resources/app/extensions/github/dist/extension.js
[2021-07-24 11:18:44.424] [exthost] [info] eager extensions activated
[2021-07-24 11:18:44.696] [exthost] [info] ExtensionService#_doActivateExtension ms-vscode.js-debug {"startup":false,"extensionId":{"value":"ms-vscode.js-debug","_lower":"ms-vscode.js-debug"},"activationEvent":"onCommand:extension.js-debug.clearAutoAttachVariables"}
[2021-07-24 11:18:44.696] [exthost] [info] ExtensionService#loadCommonJSModule file:///snap/code/70/usr/share/code/resources/app/extensions/ms-vscode.js-debug/src/extension.js
[2021-07-24 11:18:45.897] [exthost] [info] ExtensionService#_doActivateExtension vscode.emmet {"startup":false,"extensionId":{"value":"vscode.emmet","_lower":"vscode.emmet"},"activationEvent":"onStartupFinished"}
[2021-07-24 11:18:45.898] [exthost] [info] ExtensionService#loadCommonJSModule file:///snap/code/70/usr/share/code/resources/app/extensions/emmet/dist/node/emmetNodeMain
[2021-07-24 11:18:45.931] [exthost] [info] ExtensionService#_doActivateExtension vscode.merge-conflict {"startup":false,"extensionId":{"value":"vscode.merge-conflict","_lower":"vscode.merge-conflict"},"activationEvent":"onStartupFinished"}
[2021-07-24 11:18:45.931] [exthost] [info] ExtensionService#loadCommonJSModule file:///snap/code/70/usr/share/code/resources/app/extensions/merge-conflict/dist/mergeConflictMain
[2021-07-24 11:18:45.934] [exthost] [info] ExtensionService#_doActivateExtension vscode.testing-editor-contributions {"startup":false,"extensionId":{"value":"vscode.testing-editor-contributions","_lower":"vscode.testing-editor-contributions"},"activationEvent":"onStartupFinished"}
[2021-07-24 11:18:45.934] [exthost] [info] ExtensionService#loadCommonJSModule file:///snap/code/70/usr/share/code/resources/app/extensions/testing-editor-contributions/dist/extension.js
[2021-07-24 11:18:46.250] [exthost] [info] ExtensionService#_doActivateExtension vscode.github-authentication {"startup":false,"extensionId":{"value":"vscode.github-authentication","_lower":"vscode.github-authentication"},"activationEvent":"onAuthenticationRequest:github"}
[2021-07-24 11:18:46.250] [exthost] [info] ExtensionService#loadCommonJSModule file:///snap/code/70/usr/share/code/resources/app/extensions/github-authentication/dist/extension.js
[2021-07-24 11:22:01.680] [exthost] [info] extension host terminating: renderer closed the socket
[2021-07-24 11:22:02.687] [exthost] [info] exiting with code 0
